Vishort/app/build/intermediates/manifest_merge_blame_file/debug/manifest-merger-blame-debug-report.txt
1<?xml version="1.0" encoding="utf-8"?>
2<manifest xmlns:android="http://schemas.android.com/apk/res/android"
3    package="com.tuan1611pupu.vishort"
4    android:versionCode="1"
5    android:versionName="1.0" >
6
7    <uses-sdk
7-->src/main/AndroidManifest.xml:5:5-70
8        android:minSdkVersion="23"
8-->src/main/AndroidManifest.xml:5:5-70
9        android:targetSdkVersion="33" />
9-->src/main/AndroidManifest.xml:5:5-70
10
11    <uses-permission android:name="android.permission.ACCESS_WIFI_STATE" />
11-->src/main/AndroidManifest.xml:10:5-76
11-->src/main/AndroidManifest.xml:10:22-73
12    <uses-permission android:name="android.permission.INTERNET" />
12-->src/main/AndroidManifest.xml:11:5-67
12-->src/main/AndroidManifest.xml:11:22-64
13    <uses-permission android:name="android.permission.RECORD_AUDIO" />
13-->src/main/AndroidManifest.xml:12:5-71
13-->src/main/AndroidManifest.xml:12:22-68
14    <uses-permission android:name="android.permission.MODIFY_AUDIO_SETTINGS" />
14-->src/main/AndroidManifest.xml:13:5-80
14-->src/main/AndroidManifest.xml:13:22-77
15    <uses-permission android:name="android.permission.ACCESS_NETWORK_STATE" />
15-->src/main/AndroidManifest.xml:14:5-79
15-->src/main/AndroidManifest.xml:14:22-76
16    <uses-permission android:name="android.permission.READ_PHONE_STATE" />
16-->src/main/AndroidManifest.xml:15:5-75
16-->src/main/AndroidManifest.xml:15:22-72
17    <uses-permission android:name="android.permission.CAMERA" />
17-->src/main/AndroidManifest.xml:16:5-65
17-->src/main/AndroidManifest.xml:16:22-62
18
19    <uses-feature android:name="android.hardware.camera" />
19-->src/main/AndroidManifest.xml:18:5-60
19-->src/main/AndroidManifest.xml:18:19-57
20
21    <uses-permission android:name="android.permission.BLUETOOTH" />
21-->src/main/AndroidManifest.xml:20:5-68
21-->src/main/AndroidManifest.xml:20:22-65
22    <uses-permission android:name="android.permission.WRITE_EXTERNAL_STORAGE" />
22-->src/main/AndroidManifest.xml:21:5-81
22-->src/main/AndroidManifest.xml:21:22-78
23    <uses-permission android:name="com.android.vending.BILLING" />
23-->src/main/AndroidManifest.xml:22:5-67
23-->src/main/AndroidManifest.xml:22:22-64
24    <uses-permission android:name="android.permission.PREVENT_POWER_KEY" />
24-->src/main/AndroidManifest.xml:23:5-76
24-->src/main/AndroidManifest.xml:23:22-73
25    <uses-permission android:name="com.android.launcher.permission.INSTALL_SHORTCUT" />
25-->src/main/AndroidManifest.xml:24:5-88
25-->src/main/AndroidManifest.xml:24:22-85
26    <uses-permission android:name="com.android.launcher.permission.UNINSTALL_SHORTCUT" />
26-->src/main/AndroidManifest.xml:25:5-90
26-->src/main/AndroidManifest.xml:25:22-87
27    <uses-permission android:name="android.permission.FOREGROUND_SERVICE" />
27-->src/main/AndroidManifest.xml:26:5-77
27-->src/main/AndroidManifest.xml:26:22-74
28    <uses-permission android:name="android.permission.WAKE_LOCK" />
28-->src/main/AndroidManifest.xml:27:5-68
28-->src/main/AndroidManifest.xml:27:22-65
29    <uses-permission android:name="android.permission.USE_FULL_SCREEN_INTENT" />
29-->src/main/AndroidManifest.xml:28:5-81
29-->src/main/AndroidManifest.xml:28:22-78
30    <uses-permission android:name="android.permission.VIBRATE" />
30-->src/main/AndroidManifest.xml:29:5-66
30-->src/main/AndroidManifest.xml:29:22-63
31    <uses-permission android:name="android.permission.SYSTEM_ALERT_WINDOW" />
31-->src/main/AndroidManifest.xml:30:5-78
31-->src/main/AndroidManifest.xml:30:22-75
32
33    <permission android:name="android.permission.BIND_NOTIFICATION_LISTENER_SERVICE" />
33-->src/main/AndroidManifest.xml:32:5-88
33-->src/main/AndroidManifest.xml:32:17-85
34    <permission
34-->src/main/AndroidManifest.xml:33:5-35:58
35        android:name="android.permission.CAPTURE_AUDIO_OUTPUT"
35-->src/main/AndroidManifest.xml:34:9-63
36        android:protectionLevel="signature|privileged" />
36-->src/main/AndroidManifest.xml:35:9-55
37
38    <uses-feature android:name="android.hardware.camera.autofocus" />
38-->src/main/AndroidManifest.xml:37:5-70
38-->src/main/AndroidManifest.xml:37:19-67
39
40    <queries>
40-->[com.facebook.android:facebook-common:16.0.1] AndroidManifest.xml:17:5-19:15
41        <package android:name="com.facebook.katana" />
41-->[com.facebook.android:facebook-common:16.0.1] AndroidManifest.xml:18:9-55
41-->[com.facebook.android:facebook-common:16.0.1] AndroidManifest.xml:18:18-52
42    </queries>
43
44    <uses-feature
44-->[com.otaliastudios:cameraview:2.6.4] AndroidManifest.xml:27:5-29:36
45        android:name="android.hardware.camera.front"
45-->[com.otaliastudios:cameraview:2.6.4] AndroidManifest.xml:28:9-53
46        android:required="false" />
46-->[com.otaliastudios:cameraview:2.6.4] AndroidManifest.xml:29:9-33
47    <uses-feature
47-->[com.otaliastudios:cameraview:2.6.4] AndroidManifest.xml:30:5-32:36
48        android:name="android.hardware.microphone"
48-->[com.otaliastudios:cameraview:2.6.4] AndroidManifest.xml:31:9-51
49        android:required="false" />
49-->[com.otaliastudios:cameraview:2.6.4] AndroidManifest.xml:32:9-33
50
51    <uses-permission android:name="com.google.android.finsky.permission.BIND_GET_INSTALL_REFERRER_SERVICE" />
51-->[com.google.android.gms:play-services-measurement:21.2.0] AndroidManifest.xml:26:5-110
51-->[com.google.android.gms:play-services-measurement:21.2.0] AndroidManifest.xml:26:22-107
52
53    <permission
53-->[androidx.core:core:1.9.0] AndroidManifest.xml:22:5-24:47
54        android:name="com.tuan1611pupu.vishort.DYNAMIC_RECEIVER_NOT_EXPORTED_PERMISSION"
54-->[androidx.core:core:1.9.0] AndroidManifest.xml:23:9-81
55        android:protectionLevel="signature" />
55-->[androidx.core:core:1.9.0] AndroidManifest.xml:24:9-44
56
57    <uses-permission android:name="com.tuan1611pupu.vishort.DYNAMIC_RECEIVER_NOT_EXPORTED_PERMISSION" />
57-->[androidx.core:core:1.9.0] AndroidManifest.xml:26:5-97
57-->[androidx.core:core:1.9.0] AndroidManifest.xml:26:22-94
58
59    <application
59-->src/main/AndroidManifest.xml:39:5-127:19
60        android:allowBackup="true"
60-->src/main/AndroidManifest.xml:40:9-35
61        android:appComponentFactory="androidx.core.app.CoreComponentFactory"
61-->[androidx.core:core:1.9.0] AndroidManifest.xml:28:18-86
62        android:dataExtractionRules="@xml/data_extraction_rules"
62-->src/main/AndroidManifest.xml:41:9-65
63        android:debuggable="true"
64        android:extractNativeLibs="false"
65        android:fullBackupContent="@xml/backup_rules"
65-->src/main/AndroidManifest.xml:42:9-54
66        android:icon="@mipmap/ic_launcher"
66-->src/main/AndroidManifest.xml:43:9-43
67        android:label="@string/app_name"
67-->src/main/AndroidManifest.xml:44:9-41
68        android:roundIcon="@mipmap/ic_launcher_round"
68-->src/main/AndroidManifest.xml:45:9-54
69        android:supportsRtl="true"
69-->src/main/AndroidManifest.xml:46:9-35
70        android:testOnly="true"
71        android:theme="@style/Theme.Vishort" >
71-->src/main/AndroidManifest.xml:47:9-45
72        <activity
72-->src/main/AndroidManifest.xml:49:9-55:20
73            android:name="com.tuan1611pupu.vishort.Activity.SettingActivity"
73-->src/main/AndroidManifest.xml:50:13-53
74            android:exported="false" >
74-->src/main/AndroidManifest.xml:51:13-37
75            <meta-data
75-->src/main/AndroidManifest.xml:52:13-54:36
76                android:name="android.app.lib_name"
76-->src/main/AndroidManifest.xml:53:17-52
77                android:value="" />
77-->src/main/AndroidManifest.xml:54:17-33
78        </activity>
79        <activity
79-->src/main/AndroidManifest.xml:56:9-62:20
80            android:name="com.tuan1611pupu.vishort.Activity.UploadVideoActivity"
80-->src/main/AndroidManifest.xml:57:13-57
81            android:exported="false" >
81-->src/main/AndroidManifest.xml:58:13-37
82            <meta-data
82-->src/main/AndroidManifest.xml:52:13-54:36
83                android:name="android.app.lib_name"
83-->src/main/AndroidManifest.xml:53:17-52
84                android:value="" />
84-->src/main/AndroidManifest.xml:54:17-33
85        </activity>
86        <activity
86-->src/main/AndroidManifest.xml:63:9-69:20
87            android:name="com.tuan1611pupu.vishort.Activity.LoginWithPhoneActivity"
87-->src/main/AndroidManifest.xml:64:13-60
88            android:exported="false" >
88-->src/main/AndroidManifest.xml:65:13-37
89            <meta-data
89-->src/main/AndroidManifest.xml:52:13-54:36
90                android:name="android.app.lib_name"
90-->src/main/AndroidManifest.xml:53:17-52
91                android:value="" />
91-->src/main/AndroidManifest.xml:54:17-33
92        </activity>
93        <activity
93-->src/main/AndroidManifest.xml:70:9-76:20
94            android:name="com.tuan1611pupu.vishort.Activity.PreviewActivity"
94-->src/main/AndroidManifest.xml:71:13-53
95            android:exported="false" >
95-->src/main/AndroidManifest.xml:72:13-37
96            <meta-data
96-->src/main/AndroidManifest.xml:52:13-54:36
97                android:name="android.app.lib_name"
97-->src/main/AndroidManifest.xml:53:17-52
98                android:value="" />
98-->src/main/AndroidManifest.xml:54:17-33
99        </activity>
100        <activity
100-->src/main/AndroidManifest.xml:77:9-83:20
101            android:name="com.tuan1611pupu.vishort.Activity.FilterActivity"
101-->src/main/AndroidManifest.xml:78:13-52
102            android:exported="false" >
102-->src/main/AndroidManifest.xml:79:13-37
103            <meta-data
103-->src/main/AndroidManifest.xml:52:13-54:36
104                android:name="android.app.lib_name"
104-->src/main/AndroidManifest.xml:53:17-52
105                android:value="" />
105-->src/main/AndroidManifest.xml:54:17-33
106        </activity>
107        <activity
107-->src/main/AndroidManifest.xml:84:9-90:20
108            android:name="com.tuan1611pupu.vishort.Activity.RecorderActivity"
108-->src/main/AndroidManifest.xml:85:13-54
109            android:exported="false" >
109-->src/main/AndroidManifest.xml:86:13-37
110            <meta-data
110-->src/main/AndroidManifest.xml:52:13-54:36
111                android:name="android.app.lib_name"
111-->src/main/AndroidManifest.xml:53:17-52
112                android:value="" />
112-->src/main/AndroidManifest.xml:54:17-33
113        </activity>
114        <activity
114-->src/main/AndroidManifest.xml:91:9-97:20
115            android:name="com.tuan1611pupu.vishort.Activity.RegisterActivity"
115-->src/main/AndroidManifest.xml:92:13-54
116            android:exported="false" >
116-->src/main/AndroidManifest.xml:93:13-37
117            <meta-data
117-->src/main/AndroidManifest.xml:52:13-54:36
118                android:name="android.app.lib_name"
118-->src/main/AndroidManifest.xml:53:17-52
119                android:value="" />
119-->src/main/AndroidManifest.xml:54:17-33
120        </activity>
121        <activity
121-->src/main/AndroidManifest.xml:98:9-110:20
122            android:name="com.tuan1611pupu.vishort.Activity.LogInActivity"
122-->src/main/AndroidManifest.xml:99:13-51
123            android:exported="true" >
123-->src/main/AndroidManifest.xml:100:13-36
124            <intent-filter>
124-->src/main/AndroidManifest.xml:101:13-105:29
125                <action android:name="android.intent.action.MAIN" />
125-->src/main/AndroidManifest.xml:102:17-69
125-->src/main/AndroidManifest.xml:102:25-66
126
127                <category android:name="android.intent.category.LAUNCHER" />
127-->src/main/AndroidManifest.xml:104:17-77
127-->src/main/AndroidManifest.xml:104:27-74
128            </intent-filter>
129
130            <meta-data
130-->src/main/AndroidManifest.xml:52:13-54:36
131                android:name="android.app.lib_name"
131-->src/main/AndroidManifest.xml:53:17-52
132                android:value="" />
132-->src/main/AndroidManifest.xml:54:17-33
133        </activity>
134
135        <meta-data
135-->src/main/AndroidManifest.xml:112:9-114:55
136            android:name="com.facebook.sdk.ApplicationId"
136-->src/main/AndroidManifest.xml:113:13-58
137            android:value="@string/facebook_app_id" />
137-->src/main/AndroidManifest.xml:114:13-52
138        <meta-data
138-->src/main/AndroidManifest.xml:115:9-117:61
139            android:name="com.facebook.sdk.ClientToken"
139-->src/main/AndroidManifest.xml:116:13-56
140            android:value="@string/facebook_client_token" />
140-->src/main/AndroidManifest.xml:117:13-58
141
142        <activity
142-->src/main/AndroidManifest.xml:119:9-126:20
143            android:name="com.tuan1611pupu.vishort.Activity.MainActivity"
143-->src/main/AndroidManifest.xml:120:13-50
144            android:exported="false" >
144-->src/main/AndroidManifest.xml:121:13-37
145            <meta-data
145-->src/main/AndroidManifest.xml:52:13-54:36
146                android:name="android.app.lib_name"
146-->src/main/AndroidManifest.xml:53:17-52
147                android:value="" />
147-->src/main/AndroidManifest.xml:54:17-33
148        </activity>
149        <activity
149-->[com.facebook.android:facebook-common:16.0.1] AndroidManifest.xml:22:9-25:66
150            android:name="com.facebook.FacebookActivity"
150-->[com.facebook.android:facebook-common:16.0.1] AndroidManifest.xml:23:13-57
151            android:configChanges="keyboard|keyboardHidden|screenLayout|screenSize|orientation"
151-->[com.facebook.android:facebook-common:16.0.1] AndroidManifest.xml:24:13-96
152            android:theme="@style/com_facebook_activity_theme" />
152-->[com.facebook.android:facebook-common:16.0.1] AndroidManifest.xml:25:13-63
153        <activity android:name="com.facebook.CustomTabMainActivity" />
153-->[com.facebook.android:facebook-common:16.0.1] AndroidManifest.xml:26:9-71
153-->[com.facebook.android:facebook-common:16.0.1] AndroidManifest.xml:26:19-68
154        <activity
154-->[com.facebook.android:facebook-common:16.0.1] AndroidManifest.xml:27:9-41:20
155            android:name="com.facebook.CustomTabActivity"
155-->[com.facebook.android:facebook-common:16.0.1] AndroidManifest.xml:28:13-58
156            android:exported="true" >
156-->[com.facebook.android:facebook-common:16.0.1] AndroidManifest.xml:29:13-36
157            <intent-filter>
157-->[com.facebook.android:facebook-common:16.0.1] AndroidManifest.xml:31:13-40:29
158                <action android:name="android.intent.action.VIEW" />
158-->[com.facebook.android:facebook-common:16.0.1] AndroidManifest.xml:32:17-69
158-->[com.facebook.android:facebook-common:16.0.1] AndroidManifest.xml:32:25-66
159
160                <category android:name="android.intent.category.DEFAULT" />
160-->[com.facebook.android:facebook-common:16.0.1] AndroidManifest.xml:34:17-76
160-->[com.facebook.android:facebook-common:16.0.1] AndroidManifest.xml:34:27-73
161                <category android:name="android.intent.category.BROWSABLE" />
161-->[com.facebook.android:facebook-common:16.0.1] AndroidManifest.xml:35:17-78
161-->[com.facebook.android:facebook-common:16.0.1] AndroidManifest.xml:35:27-75
162
163                <data
163-->[com.facebook.android:facebook-common:16.0.1] AndroidManifest.xml:37:17-39:50
164                    android:host="cct.com.tuan1611pupu.vishort"
164-->[com.facebook.android:facebook-common:16.0.1] AndroidManifest.xml:38:21-56
165                    android:scheme="fbconnect" />
165-->[com.facebook.android:facebook-common:16.0.1] AndroidManifest.xml:39:21-47
166            </intent-filter>
167        </activity>
168        <activity
168-->[com.google.android.gms:play-services-auth:20.5.0] AndroidManifest.xml:23:9-27:75
169            android:name="com.google.android.gms.auth.api.signin.internal.SignInHubActivity"
169-->[com.google.android.gms:play-services-auth:20.5.0] AndroidManifest.xml:24:13-93
170            android:excludeFromRecents="true"
170-->[com.google.android.gms:play-services-auth:20.5.0] AndroidManifest.xml:25:13-46
171            android:exported="false"
171-->[com.google.android.gms:play-services-auth:20.5.0] AndroidManifest.xml:26:13-37
172            android:theme="@android:style/Theme.Translucent.NoTitleBar" />
172-->[com.google.android.gms:play-services-auth:20.5.0] AndroidManifest.xml:27:13-72
173        <!--
174            Service handling Google Sign-In user revocation. For apps that do not integrate with
175            Google Sign-In, this service will never be started.
176        -->
177        <service
177-->[com.google.android.gms:play-services-auth:20.5.0] AndroidManifest.xml:33:9-37:51
178            android:name="com.google.android.gms.auth.api.signin.RevocationBoundService"
178-->[com.google.android.gms:play-services-auth:20.5.0] AndroidManifest.xml:34:13-89
179            android:exported="true"
179-->[com.google.android.gms:play-services-auth:20.5.0] AndroidManifest.xml:35:13-36
180            android:permission="com.google.android.gms.auth.api.signin.permission.REVOCATION_NOTIFICATION"
180-->[com.google.android.gms:play-services-auth:20.5.0] AndroidManifest.xml:36:13-107
181            android:visibleToInstantApps="true" />
181-->[com.google.android.gms:play-services-auth:20.5.0] AndroidManifest.xml:37:13-48
182
183        <activity
183-->[com.google.firebase:firebase-auth:22.0.0] AndroidManifest.xml:29:9-46:20
184            android:name="com.google.firebase.auth.internal.GenericIdpActivity"
184-->[com.google.firebase:firebase-auth:22.0.0] AndroidManifest.xml:30:13-80
185            android:excludeFromRecents="true"
185-->[com.google.firebase:firebase-auth:22.0.0] AndroidManifest.xml:31:13-46
186            android:exported="true"
186-->[com.google.firebase:firebase-auth:22.0.0] AndroidManifest.xml:32:13-36
187            android:launchMode="singleTask"
187-->[com.google.firebase:firebase-auth:22.0.0] AndroidManifest.xml:33:13-44
188            android:theme="@android:style/Theme.Translucent.NoTitleBar" >
188-->[com.google.firebase:firebase-auth:22.0.0] AndroidManifest.xml:34:13-72
189            <intent-filter>
189-->[com.google.firebase:firebase-auth:22.0.0] AndroidManifest.xml:35:13-45:29
190                <action android:name="android.intent.action.VIEW" />
190-->[com.facebook.android:facebook-common:16.0.1] AndroidManifest.xml:32:17-69
190-->[com.facebook.android:facebook-common:16.0.1] AndroidManifest.xml:32:25-66
191
192                <category android:name="android.intent.category.DEFAULT" />
192-->[com.facebook.android:facebook-common:16.0.1] AndroidManifest.xml:34:17-76
192-->[com.facebook.android:facebook-common:16.0.1] AndroidManifest.xml:34:27-73
193                <category android:name="android.intent.category.BROWSABLE" />
193-->[com.facebook.android:facebook-common:16.0.1] AndroidManifest.xml:35:17-78
193-->[com.facebook.android:facebook-common:16.0.1] AndroidManifest.xml:35:27-75
194
195                <data
195-->[com.facebook.android:facebook-common:16.0.1] AndroidManifest.xml:37:17-39:50
196                    android:host="firebase.auth"
196-->[com.facebook.android:facebook-common:16.0.1] AndroidManifest.xml:38:21-56
197                    android:path="/"
198                    android:scheme="genericidp" />
198-->[com.facebook.android:facebook-common:16.0.1] AndroidManifest.xml:39:21-47
199            </intent-filter>
200        </activity>
201        <activity
201-->[com.google.firebase:firebase-auth:22.0.0] AndroidManifest.xml:47:9-64:20
202            android:name="com.google.firebase.auth.internal.RecaptchaActivity"
202-->[com.google.firebase:firebase-auth:22.0.0] AndroidManifest.xml:48:13-79
203            android:excludeFromRecents="true"
203-->[com.google.firebase:firebase-auth:22.0.0] AndroidManifest.xml:49:13-46
204            android:exported="true"
204-->[com.google.firebase:firebase-auth:22.0.0] AndroidManifest.xml:50:13-36
205            android:launchMode="singleTask"
205-->[com.google.firebase:firebase-auth:22.0.0] AndroidManifest.xml:51:13-44
206            android:theme="@android:style/Theme.Translucent.NoTitleBar" >
206-->[com.google.firebase:firebase-auth:22.0.0] AndroidManifest.xml:52:13-72
207            <intent-filter>
207-->[com.google.firebase:firebase-auth:22.0.0] AndroidManifest.xml:53:13-63:29
208                <action android:name="android.intent.action.VIEW" />
208-->[com.facebook.android:facebook-common:16.0.1] AndroidManifest.xml:32:17-69
208-->[com.facebook.android:facebook-common:16.0.1] AndroidManifest.xml:32:25-66
209
210                <category android:name="android.intent.category.DEFAULT" />
210-->[com.facebook.android:facebook-common:16.0.1] AndroidManifest.xml:34:17-76
210-->[com.facebook.android:facebook-common:16.0.1] AndroidManifest.xml:34:27-73
211                <category android:name="android.intent.category.BROWSABLE" />
211-->[com.facebook.android:facebook-common:16.0.1] AndroidManifest.xml:35:17-78
211-->[com.facebook.android:facebook-common:16.0.1] AndroidManifest.xml:35:27-75
212
213                <data
213-->[com.facebook.android:facebook-common:16.0.1] AndroidManifest.xml:37:17-39:50
214                    android:host="firebase.auth"
214-->[com.facebook.android:facebook-common:16.0.1] AndroidManifest.xml:38:21-56
215                    android:path="/"
216                    android:scheme="recaptcha" />
216-->[com.facebook.android:facebook-common:16.0.1] AndroidManifest.xml:39:21-47
217            </intent-filter>
218        </activity>
219
220        <service
220-->[com.google.firebase:firebase-auth:22.0.0] AndroidManifest.xml:66:9-72:19
221            android:name="com.google.firebase.components.ComponentDiscoveryService"
221-->[com.google.firebase:firebase-auth:22.0.0] AndroidManifest.xml:67:13-84
222            android:directBootAware="true"
222-->[com.google.firebase:firebase-common:20.3.2] AndroidManifest.xml:34:13-43
223            android:exported="false" >
223-->[com.google.firebase:firebase-auth:22.0.0] AndroidManifest.xml:68:13-37
224            <meta-data
224-->[com.google.firebase:firebase-auth:22.0.0] AndroidManifest.xml:69:13-71:85
225                android:name="com.google.firebase.components:com.google.firebase.auth.FirebaseAuthRegistrar"
225-->[com.google.firebase:firebase-auth:22.0.0] AndroidManifest.xml:70:17-109
226                android:value="com.google.firebase.components.ComponentRegistrar" />
226-->[com.google.firebase:firebase-auth:22.0.0] AndroidManifest.xml:71:17-82
227            <meta-data
227-->[com.google.firebase:firebase-firestore:24.6.0] AndroidManifest.xml:19:13-21:85
228                android:name="com.google.firebase.components:com.google.firebase.firestore.FirestoreRegistrar"
228-->[com.google.firebase:firebase-firestore:24.6.0] AndroidManifest.xml:20:17-111
229                android:value="com.google.firebase.components.ComponentRegistrar" />
229-->[com.google.firebase:firebase-firestore:24.6.0] AndroidManifest.xml:21:17-82
230            <meta-data
230-->[com.google.android.gms:play-services-measurement-api:21.2.0] AndroidManifest.xml:31:13-33:85
231                android:name="com.google.firebase.components:com.google.firebase.analytics.connector.internal.AnalyticsConnectorRegistrar"
231-->[com.google.android.gms:play-services-measurement-api:21.2.0] AndroidManifest.xml:32:17-139
232                android:value="com.google.firebase.components.ComponentRegistrar" />
232-->[com.google.android.gms:play-services-measurement-api:21.2.0] AndroidManifest.xml:33:17-82
233            <meta-data
233-->[com.google.firebase:firebase-installations:17.1.2] AndroidManifest.xml:17:13-19:85
234                android:name="com.google.firebase.components:com.google.firebase.installations.FirebaseInstallationsRegistrar"
234-->[com.google.firebase:firebase-installations:17.1.2] AndroidManifest.xml:18:17-127
235                android:value="com.google.firebase.components.ComponentRegistrar" />
235-->[com.google.firebase:firebase-installations:17.1.2] AndroidManifest.xml:19:17-82
236        </service>
237
238        <provider
238-->[com.google.firebase:firebase-common:20.3.2] AndroidManifest.xml:25:9-30:39
239            android:name="com.google.firebase.provider.FirebaseInitProvider"
239-->[com.google.firebase:firebase-common:20.3.2] AndroidManifest.xml:26:13-77
240            android:authorities="com.tuan1611pupu.vishort.firebaseinitprovider"
240-->[com.google.firebase:firebase-common:20.3.2] AndroidManifest.xml:27:13-72
241            android:directBootAware="true"
241-->[com.google.firebase:firebase-common:20.3.2] AndroidManifest.xml:28:13-43
242            android:exported="false"
242-->[com.google.firebase:firebase-common:20.3.2] AndroidManifest.xml:29:13-37
243            android:initOrder="100" />
243-->[com.google.firebase:firebase-common:20.3.2] AndroidManifest.xml:30:13-36
244
245        <activity
245-->[com.google.android.gms:play-services-base:18.0.1] AndroidManifest.xml:20:9-22:45
246            android:name="com.google.android.gms.common.api.GoogleApiActivity"
246-->[com.google.android.gms:play-services-base:18.0.1] AndroidManifest.xml:20:19-85
247            android:exported="false"
247-->[com.google.android.gms:play-services-base:18.0.1] AndroidManifest.xml:22:19-43
248            android:theme="@android:style/Theme.Translucent.NoTitleBar" />
248-->[com.google.android.gms:play-services-base:18.0.1] AndroidManifest.xml:21:19-78
249        <!--
250         The initialization ContentProvider will call FacebookSdk.sdkInitialize automatically
251         with the application context. This config is merged in with the host app's manifest,
252         but there can only be one provider with the same authority activated at any given
253         point; so if the end user has two or more different apps that use Facebook SDK, only the
254         first one will be able to use the provider. To work around this problem, we use the
255         following placeholder in the authority to identify each host application as if it was
256         a completely different provider.
257        -->
258        <provider
258-->[com.facebook.android:facebook-core:16.0.1] AndroidManifest.xml:29:9-32:40
259            android:name="com.facebook.internal.FacebookInitProvider"
259-->[com.facebook.android:facebook-core:16.0.1] AndroidManifest.xml:30:13-70
260            android:authorities="com.tuan1611pupu.vishort.FacebookInitProvider"
260-->[com.facebook.android:facebook-core:16.0.1] AndroidManifest.xml:31:13-72
261            android:exported="false" />
261-->[com.facebook.android:facebook-core:16.0.1] AndroidManifest.xml:32:13-37
262
263        <receiver
263-->[com.facebook.android:facebook-core:16.0.1] AndroidManifest.xml:34:9-40:20
264            android:name="com.facebook.CurrentAccessTokenExpirationBroadcastReceiver"
264-->[com.facebook.android:facebook-core:16.0.1] AndroidManifest.xml:35:13-86
265            android:exported="false" >
265-->[com.facebook.android:facebook-core:16.0.1] AndroidManifest.xml:36:13-37
266            <intent-filter>
266-->[com.facebook.android:facebook-core:16.0.1] AndroidManifest.xml:37:13-39:29
267                <action android:name="com.facebook.sdk.ACTION_CURRENT_ACCESS_TOKEN_CHANGED" />
267-->[com.facebook.android:facebook-core:16.0.1] AndroidManifest.xml:38:17-95
267-->[com.facebook.android:facebook-core:16.0.1] AndroidManifest.xml:38:25-92
268            </intent-filter>
269        </receiver>
270        <receiver
270-->[com.facebook.android:facebook-core:16.0.1] AndroidManifest.xml:41:9-47:20
271            android:name="com.facebook.AuthenticationTokenManager$CurrentAuthenticationTokenChangedBroadcastReceiver"
271-->[com.facebook.android:facebook-core:16.0.1] AndroidManifest.xml:42:13-118
272            android:exported="false" >
272-->[com.facebook.android:facebook-core:16.0.1] AndroidManifest.xml:43:13-37
273            <intent-filter>
273-->[com.facebook.android:facebook-core:16.0.1] AndroidManifest.xml:44:13-46:29
274                <action android:name="com.facebook.sdk.ACTION_CURRENT_AUTHENTICATION_TOKEN_CHANGED" />
274-->[com.facebook.android:facebook-core:16.0.1] AndroidManifest.xml:45:17-103
274-->[com.facebook.android:facebook-core:16.0.1] AndroidManifest.xml:45:25-100
275            </intent-filter>
276        </receiver>
277        <receiver
277-->[com.google.android.gms:play-services-measurement:21.2.0] AndroidManifest.xml:29:9-33:20
278            android:name="com.google.android.gms.measurement.AppMeasurementReceiver"
278-->[com.google.android.gms:play-services-measurement:21.2.0] AndroidManifest.xml:30:13-85
279            android:enabled="true"
279-->[com.google.android.gms:play-services-measurement:21.2.0] AndroidManifest.xml:31:13-35
280            android:exported="false" >
280-->[com.google.android.gms:play-services-measurement:21.2.0] AndroidManifest.xml:32:13-37
281        </receiver>
282
283        <service
283-->[com.google.android.gms:play-services-measurement:21.2.0] AndroidManifest.xml:35:9-38:40
284            android:name="com.google.android.gms.measurement.AppMeasurementService"
284-->[com.google.android.gms:play-services-measurement:21.2.0] AndroidManifest.xml:36:13-84
285            android:enabled="true"
285-->[com.google.android.gms:play-services-measurement:21.2.0] AndroidManifest.xml:37:13-35
286            android:exported="false" />
286-->[com.google.android.gms:play-services-measurement:21.2.0] AndroidManifest.xml:38:13-37
287        <service
287-->[com.google.android.gms:play-services-measurement:21.2.0] AndroidManifest.xml:39:9-43:72
288            android:name="com.google.android.gms.measurement.AppMeasurementJobService"
288-->[com.google.android.gms:play-services-measurement:21.2.0] AndroidManifest.xml:40:13-87
289            android:enabled="true"
289-->[com.google.android.gms:play-services-measurement:21.2.0] AndroidManifest.xml:41:13-35
290            android:exported="false"
290-->[com.google.android.gms:play-services-measurement:21.2.0] AndroidManifest.xml:42:13-37
291            android:permission="android.permission.BIND_JOB_SERVICE" />
291-->[com.google.android.gms:play-services-measurement:21.2.0] AndroidManifest.xml:43:13-69
292